<?xml version="1.0" encoding="UTF-8" ?>
<testsuite failures="0" time="0.051" errors="0" skipped="0" tests="11" name="cfranc.ilc.TestAlexVauthier">
  <properties>
[...]
</properties>
  <testcase time="0.002" classname="cfranc.ilc.TestAlexVauthier" name="contains_include_1"/>
  <testcase time="0" classname="cfranc.ilc.TestAlexVauthier" name="getTheWord_av"/>
  <testcase time="0" classname="cfranc.ilc.TestAlexVauthier" name="union_SameWord_10"/>
  <testcase time="0" classname="cfranc.ilc.TestAlexVauthier" name="contains_different_0"/>
  <testcase time="0.001" classname="cfranc.ilc.TestAlexVauthier" name="getSimilarity_2SimpleWords_26"/>
  <testcase time="0.001" classname="cfranc.ilc.TestAlexVauthier" name="getSimilarity_SameWord_100"/>
  <testcase time="0" classname="cfranc.ilc.TestAlexVauthier" name="union_2SimpleWords_15"/>
  <testcase time="0" classname="cfranc.ilc.TestAlexVauthier" name="processString_SimpleWord_av"/>
  <testcase time="0" classname="cfranc.ilc.TestAlexVauthier" name="common_2SimpleWords_5"/>
  <testcase time="0" classname="cfranc.ilc.TestAlexVauthier" name="common_SameWord_12"/>
  <testcase time="0.001" classname="cfranc.ilc.TestAlexVauthier" name="getTheCount_2"/>
</testsuite>